[2020-04-09T16:52:06.586] [DEBUG] cheese - login => username:zs,password:123
[2020-04-09T16:52:06.588] [DEBUG] cheese - zs
[2020-04-09T16:52:06.615] [DEBUG] cheese - null
[2020-04-09T16:52:06.615] [DEBUG] cheese - null
[2020-04-09T16:52:34.664] [DEBUG] cheese - login => username:admin,password:123456
[2020-04-09T16:52:34.664] [DEBUG] cheese - admin
[2020-04-09T16:52:34.673] [DEBUG] cheese - null
[2020-04-09T16:52:34.673] [DEBUG] cheese - null
[2020-04-09T22:06:31.023] [DEBUG] cheese - login => username:admin,password:123456
[2020-04-09T22:06:31.028] [DEBUG] cheese - admin
[2020-04-09T22:06:31.307] [DEBUG] cheese - null
[2020-04-09T22:06:31.307] [DEBUG] cheese - null
[2020-04-09T22:07:44.503] [DEBUG] cheese - login => username:admin,password:123456
[2020-04-09T22:07:44.503] [DEBUG] cheese - admin
[2020-04-09T22:07:44.506] [DEBUG] cheese - null
[2020-04-09T22:07:44.506] [DEBUG] cheese - null
[2020-04-09T22:16:37.742] [DEBUG] cheese - login => username:admin,password:12345677
[2020-04-09T22:16:37.743] [DEBUG] cheese - admin
[2020-04-09T22:16:37.745] [DEBUG] cheese - null
[2020-04-09T22:16:37.746] [DEBUG] cheese - null
[2020-04-09T22:16:52.448] [DEBUG] cheese - login => username:admin123,password:12345677
[2020-04-09T22:16:52.449] [DEBUG] cheese - admin123
[2020-04-09T22:16:52.455] [DEBUG] cheese - null
[2020-04-09T22:16:52.455] [DEBUG] cheese - null
[2020-04-09T22:24:20.745] [DEBUG] cheese - login => username:123,password:123123
[2020-04-09T22:24:20.746] [DEBUG] cheese - 123
[2020-04-09T22:24:20.750] [DEBUG] cheese - null
[2020-04-09T22:24:20.750] [DEBUG] cheese - null
[2020-04-09T22:25:36.372] [DEBUG] cheese - login => username:123,password:123123
[2020-04-09T22:25:36.372] [DEBUG] cheese - 123
[2020-04-09T22:25:36.374] [DEBUG] cheese - null
[2020-04-09T22:25:36.374] [DEBUG] cheese - null
[2020-04-09T22:26:06.991] [DEBUG] cheese - login => username:123,password:123123
[2020-04-09T22:26:06.991] [DEBUG] cheese - 123
[2020-04-09T22:26:06.998] [DEBUG] cheese - null
[2020-04-09T22:26:06.998] [DEBUG] cheese - null
[2020-04-09T22:27:42.392] [DEBUG] cheese - login => username:123,password:123123
[2020-04-09T22:27:42.392] [DEBUG] cheese - 123
[2020-04-09T22:27:42.394] [DEBUG] cheese - null
[2020-04-09T22:27:42.394] [DEBUG] cheese - null
[2020-04-09T22:30:27.569] [DEBUG] cheese - login => username:123,password:123123
[2020-04-09T22:30:27.569] [DEBUG] cheese - 123
[2020-04-09T22:30:27.574] [DEBUG] cheese - null
[2020-04-09T22:30:27.574] [DEBUG] cheese - null
[2020-04-09T22:30:57.423] [DEBUG] cheese - login => username:123,password:123123
[2020-04-09T22:30:57.423] [DEBUG] cheese - 123
[2020-04-09T22:30:57.425] [DEBUG] cheese - null
[2020-04-09T22:30:57.425] [DEBUG] cheese - null
[2020-04-09T22:31:28.288] [DEBUG] cheese - login => username:123,password:123123
[2020-04-09T22:31:28.288] [DEBUG] cheese - 123
[2020-04-09T22:31:28.290] [DEBUG] cheese - null
[2020-04-09T22:31:28.290] [DEBUG] cheese - null
[2020-04-09T22:32:29.721] [DEBUG] cheese - login => username:admin,password:admin123
[2020-04-09T22:32:29.721] [DEBUG] cheese - admin
[2020-04-09T22:32:29.723] [DEBUG] cheese - null
[2020-04-09T22:32:29.723] [DEBUG] cheese - null
[2020-04-09T22:33:46.248] [DEBUG] cheese - login => username:123,password:123123
[2020-04-09T22:33:46.248] [DEBUG] cheese - 123
[2020-04-09T22:33:46.251] [DEBUG] cheese - null
[2020-04-09T22:33:46.251] [DEBUG] cheese - null
[2020-04-09T22:33:51.181] [DEBUG] cheese - login => username:admin,password:123123
[2020-04-09T22:33:51.181] [DEBUG] cheese - admin
[2020-04-09T22:33:51.183] [DEBUG] cheese - null
[2020-04-09T22:33:51.183] [DEBUG] cheese - null
[2020-04-09T22:34:19.914] [DEBUG] cheese - login => username:admin,password:123456
[2020-04-09T22:34:19.914] [DEBUG] cheese - admin
[2020-04-09T22:34:19.916] [DEBUG] cheese - null
[2020-04-09T22:34:19.916] [DEBUG] cheese - null
[2020-04-09T22:36:03.638] [DEBUG] cheese - login => username:admin,password:123456
[2020-04-09T22:36:03.638] [DEBUG] cheese - admin
[2020-04-09T22:36:03.640] [DEBUG] cheese - null
[2020-04-09T22:36:03.641] [DEBUG] cheese - null
[2020-04-09T22:39:18.374] [DEBUG] cheese - login => username:admin,password:123456
[2020-04-09T22:39:18.374] [DEBUG] cheese - admin
[2020-04-09T22:39:18.378] [DEBUG] cheese - null
[2020-04-09T22:39:18.378] [DEBUG] cheese - null
[2020-04-09T22:39:28.622] [DEBUG] cheese - login => username:admin,password:123456
[2020-04-09T22:39:28.622] [DEBUG] cheese - admin
[2020-04-09T22:39:28.625] [DEBUG] cheese - null
[2020-04-09T22:39:28.625] [DEBUG] cheese - null
[2020-04-09T22:40:43.551] [DEBUG] cheese - login => username:admin,password:123456
[2020-04-09T22:40:43.551] [DEBUG] cheese - admin
[2020-04-09T22:40:43.552] [DEBUG] cheese - null
[2020-04-09T22:40:43.553] [DEBUG] cheese - null
[2020-04-09T22:40:58.229] [DEBUG] cheese - login => username:admin,password:123456
[2020-04-09T22:40:58.229] [DEBUG] cheese - admin
[2020-04-09T22:40:58.232] [DEBUG] cheese - null
[2020-04-09T22:40:58.232] [DEBUG] cheese - null
[2020-04-09T22:41:14.823] [DEBUG] cheese - login => username:admin,password:123456
[2020-04-09T22:41:14.823] [DEBUG] cheese - admin
[2020-04-09T22:41:14.827] [DEBUG] cheese - null
[2020-04-09T22:41:14.827] [DEBUG] cheese - null
[2020-04-09T22:41:50.049] [DEBUG] cheese - login => username:admin,password:123456
[2020-04-09T22:41:50.049] [DEBUG] cheese - admin
[2020-04-09T22:41:50.051] [DEBUG] cheese - null
[2020-04-09T22:41:50.051] [DEBUG] cheese - null
[2020-04-09T22:42:45.755] [DEBUG] cheese - login => username:admin,password:123456
[2020-04-09T22:42:45.755] [DEBUG] cheese - admin
[2020-04-09T22:42:45.757] [DEBUG] cheese - null
[2020-04-09T22:42:45.757] [DEBUG] cheese - null
[2020-04-09T22:45:18.626] [DEBUG] cheese - login => username:admin,password:123456
[2020-04-09T22:45:18.626] [DEBUG] cheese - admin
[2020-04-09T22:45:18.632] [DEBUG] cheese - null
[2020-04-09T22:45:18.632] [DEBUG] cheese - null
[2020-04-09T23:03:32.218] [DEBUG] cheese - login => username:admin,password:123456
[2020-04-09T23:03:32.219] [DEBUG] cheese - admin
[2020-04-09T23:03:32.225] [DEBUG] cheese - null
[2020-04-09T23:03:32.225] [DEBUG] cheese - null
[2020-04-09T23:04:35.580] [DEBUG] cheese - login => username:admin,password:123456
[2020-04-09T23:04:35.580] [DEBUG] cheese - admin
[2020-04-09T23:04:35.584] [DEBUG] cheese - null
[2020-04-09T23:04:35.584] [DEBUG] cheese - null
[2020-04-09T23:07:35.576] [DEBUG] cheese - login => username:admin,password:123456
[2020-04-09T23:07:35.576] [DEBUG] cheese - admin
[2020-04-09T23:07:35.579] [DEBUG] cheese - null
[2020-04-09T23:07:35.579] [DEBUG] cheese - null
[2020-04-09T23:07:53.512] [DEBUG] cheese - login => username:admin,password:123456
[2020-04-09T23:07:53.512] [DEBUG] cheese - admin
[2020-04-09T23:07:53.515] [DEBUG] cheese - null
[2020-04-09T23:07:53.515] [DEBUG] cheese - null
[2020-04-09T23:08:20.503] [DEBUG] cheese - login => username:admin,password:123456
[2020-04-09T23:08:20.503] [DEBUG] cheese - admin
[2020-04-09T23:08:20.504] [DEBUG] cheese - null
[2020-04-09T23:08:20.505] [DEBUG] cheese - null
[2020-04-09T23:08:34.669] [DEBUG] cheese - login => username:admin,password:123456
[2020-04-09T23:08:34.669] [DEBUG] cheese - admin
[2020-04-09T23:08:34.671] [DEBUG] cheese - null
[2020-04-09T23:08:34.671] [DEBUG] cheese - null
[2020-04-09T23:10:13.525] [DEBUG] cheese - login => username:admin,password:123456
[2020-04-09T23:10:13.525] [DEBUG] cheese - admin
[2020-04-09T23:10:13.527] [DEBUG] cheese - null
[2020-04-09T23:10:13.527] [DEBUG] cheese - null
[2020-04-09T23:50:44.125] [DEBUG] cheese - login => username:admin,password:123456
[2020-04-09T23:50:44.127] [DEBUG] cheese - admin
[2020-04-09T23:50:44.250] [DEBUG] cheese - null
[2020-04-09T23:50:44.250] [DEBUG] cheese - null
[2020-04-10T00:11:15.147] [DEBUG] cheese - login => username:admin,password:123456
[2020-04-10T00:11:15.148] [DEBUG] cheese - admin
[2020-04-10T00:11:15.155] [DEBUG] cheese - null
[2020-04-10T00:11:15.155] [DEBUG] cheese - null
[2020-04-10T00:49:16.236] [DEBUG] cheese - login => username:admin,password:123456
[2020-04-10T00:49:16.236] [DEBUG] cheese - admin
[2020-04-10T00:49:16.252] [DEBUG] cheese - null
[2020-04-10T00:49:16.252] [DEBUG] cheese - null
[2020-04-10T00:49:57.062] [DEBUG] cheese - login => username:admin,password:123456
[2020-04-10T00:49:57.062] [DEBUG] cheese - admin
[2020-04-10T00:49:57.064] [DEBUG] cheese - null
[2020-04-10T00:49:57.064] [DEBUG] cheese - null
[2020-04-10T00:51:03.096] [DEBUG] cheese - login => username:admin,password:123456
[2020-04-10T00:51:03.096] [DEBUG] cheese - admin
[2020-04-10T00:51:03.099] [DEBUG] cheese - null
[2020-04-10T00:51:03.099] [DEBUG] cheese - null
[2020-04-10T13:29:37.396] [DEBUG] cheese - login => username:admin,password:123456
[2020-04-10T13:29:37.398] [DEBUG] cheese - admin
[2020-04-10T13:29:37.446] [DEBUG] cheese - null
[2020-04-10T13:29:37.451] [DEBUG] cheese - null
[2020-04-10T13:38:46.265] [DEBUG] cheese - login => username:admin,password:123456
[2020-04-10T13:38:46.265] [DEBUG] cheese - admin
[2020-04-10T13:38:46.268] [DEBUG] cheese - null
[2020-04-10T13:38:46.269] [DEBUG] cheese - null
[2020-04-10T13:40:11.194] [DEBUG] cheese - login => username:admin,password:123456
[2020-04-10T13:40:11.194] [DEBUG] cheese - admin
[2020-04-10T13:40:11.196] [DEBUG] cheese - null
[2020-04-10T13:40:11.196] [DEBUG] cheese - null
[2020-04-10T13:47:41.950] [DEBUG] cheese - login => username:admin,password:123456
[2020-04-10T13:47:41.951] [DEBUG] cheese - admin
[2020-04-10T13:47:41.953] [DEBUG] cheese - null
[2020-04-10T13:47:41.953] [DEBUG] cheese - null
[2020-04-10T14:10:02.542] [DEBUG] cheese - login => username:admin,password:123456
[2020-04-10T14:10:02.542] [DEBUG] cheese - admin
[2020-04-10T14:10:02.546] [DEBUG] cheese - null
[2020-04-10T14:10:02.546] [DEBUG] cheese - null
[2020-04-10T14:50:01.216] [DEBUG] cheese - login => username:admin,password:123456
[2020-04-10T14:50:01.217] [DEBUG] cheese - admin
[2020-04-10T14:50:01.223] [DEBUG] cheese - null
[2020-04-10T14:50:01.223] [DEBUG] cheese - null
[2020-04-10T14:52:36.461] [DEBUG] cheese - login => username:admin,password:123456
[2020-04-10T14:52:36.461] [DEBUG] cheese - admin
[2020-04-10T14:52:36.463] [DEBUG] cheese - null
[2020-04-10T14:52:36.463] [DEBUG] cheese - null
[2020-04-10T14:53:17.644] [DEBUG] cheese - login => username:admin,password:123456
[2020-04-10T14:53:17.644] [DEBUG] cheese - admin
[2020-04-10T14:53:17.645] [DEBUG] cheese - null
[2020-04-10T14:53:17.646] [DEBUG] cheese - null
[2020-04-10T14:53:40.585] [DEBUG] cheese - login => username:admin,password:123456
[2020-04-10T14:53:40.585] [DEBUG] cheese - admin
[2020-04-10T14:53:40.588] [DEBUG] cheese - null
[2020-04-10T14:53:40.588] [DEBUG] cheese - null
[2020-04-10T14:56:48.286] [DEBUG] cheese - login => username:admin,password:123456
[2020-04-10T14:56:48.287] [DEBUG] cheese - admin
[2020-04-10T14:56:48.310] [DEBUG] cheese - null
[2020-04-10T14:56:48.310] [DEBUG] cheese - null
[2020-04-10T15:04:28.372] [DEBUG] cheese - login => username:admin,password:123456
[2020-04-10T15:04:28.372] [DEBUG] cheese - admin
[2020-04-10T15:04:28.374] [DEBUG] cheese - null
[2020-04-10T15:04:28.374] [DEBUG] cheese - null
[2020-04-10T15:16:00.183] [DEBUG] cheese - login => username:admin,password:123456
[2020-04-10T15:16:00.183] [DEBUG] cheese - admin
[2020-04-10T15:16:00.184] [DEBUG] cheese - null
[2020-04-10T15:16:00.184] [DEBUG] cheese - null
[2020-04-10T23:35:18.779] [DEBUG] cheese - login => username:admin,password:123456
[2020-04-10T23:35:18.785] [DEBUG] cheese - admin
[2020-04-10T23:35:18.797] [DEBUG] cheese - null
[2020-04-10T23:35:18.799] [DEBUG] cheese - null
[2020-04-11T14:28:46.425] [DEBUG] cheese - login => username:admin,password:123456
[2020-04-11T14:28:46.426] [DEBUG] cheese - admin
[2020-04-11T14:28:46.443] [DEBUG] cheese - null
[2020-04-11T14:28:46.444] [DEBUG] cheese - null
[2020-04-12T01:22:30.272] [DEBUG] cheese - null
[2020-04-12T01:23:53.205] [DEBUG] cheese - null
[2020-04-12T01:25:36.949] [DEBUG] cheese - null
[2020-04-12T01:29:01.288] [DEBUG] cheese - null
[2020-04-12T01:30:32.753] [DEBUG] cheese - null
[2020-04-12T01:32:38.168] [DEBUG] cheese - null
[2020-04-12T01:32:40.567] [DEBUG] cheese - null
[2020-04-12T01:32:42.901] [DEBUG] cheese - null
[2020-04-12T01:32:45.596] [DEBUG] cheese - null
[2020-04-12T01:32:47.480] [DEBUG] cheese - null
[2020-04-12T01:32:49.499] [DEBUG] cheese - null
[2020-04-12T01:32:51.386] [DEBUG] cheese - null
[2020-04-12T12:56:51.246] [DEBUG] cheese - login => username:admin,password:123456
[2020-04-12T12:56:51.248] [DEBUG] cheese - admin
[2020-04-12T12:56:51.268] [DEBUG] cheese - null
[2020-04-12T12:56:51.270] [DEBUG] cheese - null
[2020-04-13T00:21:26.042] [DEBUG] cheese - login => username:admin,password:123456
[2020-04-13T00:21:26.044] [DEBUG] cheese - admin
[2020-04-13T00:21:26.059] [DEBUG] cheese - null
[2020-04-13T00:21:26.059] [DEBUG] cheese - null
[2020-04-13T11:54:19.561] [DEBUG] cheese - login => username:admin,password:123456
[2020-04-13T11:54:19.563] [DEBUG] cheese - admin
[2020-04-13T11:54:19.583] [DEBUG] cheese - null
[2020-04-13T11:54:19.589] [DEBUG] cheese - null
[2020-04-13T11:54:56.639] [DEBUG] cheese - login => username:admin,password:123456
[2020-04-13T11:54:56.639] [DEBUG] cheese - admin
[2020-04-13T11:54:56.643] [DEBUG] cheese - null
[2020-04-13T11:54:56.643] [DEBUG] cheese - null
[2020-04-13T13:51:30.056] [DEBUG] cheese - login => username:admin,password:123456
[2020-04-13T13:51:30.078] [DEBUG] cheese - admin
[2020-04-13T13:51:30.215] [DEBUG] cheese - null
[2020-04-13T13:51:30.222] [DEBUG] cheese - null
[2020-04-14T12:42:10.962] [DEBUG] cheese - login => username:admin,password:123456
[2020-04-14T12:42:10.964] [DEBUG] cheese - admin
[2020-04-14T12:42:11.007] [DEBUG] cheese - null
[2020-04-14T12:42:11.008] [DEBUG] cheese - null
[2020-04-14T14:17:31.715] [DEBUG] cheese - null
[2020-04-14T14:20:40.048] [DEBUG] cheese - null
[2020-04-14T16:26:43.197] [DEBUG] cheese - login => username:admin,password:123456
[2020-04-14T16:26:43.199] [DEBUG] cheese - admin
[2020-04-14T16:26:43.201] [DEBUG] cheese - null
[2020-04-14T16:26:43.202] [DEBUG] cheese - null
[2020-04-14T16:27:00.262] [DEBUG] cheese - login => username:admin,password:123456
[2020-04-14T16:27:00.262] [DEBUG] cheese - admin
[2020-04-14T16:27:00.264] [DEBUG] cheese - null
[2020-04-14T16:27:00.264] [DEBUG] cheese - null
[2020-04-14T20:30:00.305] [DEBUG] cheese - login => username:admin,password:123456
[2020-04-14T20:30:00.314] [DEBUG] cheese - admin
[2020-04-14T20:30:00.325] [DEBUG] cheese - null
[2020-04-14T20:30:00.325] [DEBUG] cheese - null
[2020-04-14T20:38:10.897] [DEBUG] cheese - login => username:admin,password:123456
[2020-04-14T20:38:10.897] [DEBUG] cheese - admin
[2020-04-14T20:38:10.899] [DEBUG] cheese - null
[2020-04-14T20:38:10.899] [DEBUG] cheese - null
[2020-04-14T20:54:41.567] [DEBUG] cheese - login => username:admin,password:123456
[2020-04-14T20:54:41.570] [DEBUG] cheese - admin
[2020-04-14T20:54:41.585] [DEBUG] cheese - null
[2020-04-14T20:54:41.586] [DEBUG] cheese - null
[2020-04-14T20:57:16.936] [DEBUG] cheese - login => username:admin,password:123456
[2020-04-14T20:57:16.937] [DEBUG] cheese - admin
[2020-04-14T20:57:16.945] [DEBUG] cheese - null
[2020-04-14T20:57:16.946] [DEBUG] cheese - null
[2020-04-14T21:01:06.403] [DEBUG] cheese - login => username:admin,password:123456
[2020-04-14T21:01:06.403] [DEBUG] cheese - admin
[2020-04-14T21:01:06.405] [DEBUG] cheese - null
[2020-04-14T21:01:06.406] [DEBUG] cheese - null
[2020-04-14T21:02:34.136] [DEBUG] cheese - login => username:admin,password:123456
[2020-04-14T21:02:34.136] [DEBUG] cheese - admin
[2020-04-14T21:02:34.140] [DEBUG] cheese - null
[2020-04-14T21:02:34.142] [DEBUG] cheese - null
[2020-04-14T21:05:53.392] [DEBUG] cheese - login => username:admin,password:123456
[2020-04-14T21:05:53.392] [DEBUG] cheese - admin
[2020-04-14T21:05:53.394] [DEBUG] cheese - null
[2020-04-14T21:05:53.394] [DEBUG] cheese - null
[2020-04-14T21:47:57.402] [DEBUG] cheese - login => username:admin,password:123456
[2020-04-14T21:47:57.404] [DEBUG] cheese - admin
[2020-04-14T21:47:57.410] [DEBUG] cheese - null
[2020-04-14T21:47:57.416] [DEBUG] cheese - null
[2020-04-14T21:51:14.714] [DEBUG] cheese - login => username:admin,password:123456
[2020-04-14T21:51:14.716] [DEBUG] cheese - admin
[2020-04-14T21:51:14.748] [DEBUG] cheese - null
[2020-04-14T21:51:14.748] [DEBUG] cheese - null
[2020-04-22T15:34:12.612] [DEBUG] cheese - login => username:admin,password:123456
[2020-04-22T15:34:12.614] [DEBUG] cheese - admin
[2020-04-22T15:34:12.630] [DEBUG] cheese - null
[2020-04-22T15:34:12.630] [DEBUG] cheese - null
[2020-04-22T15:35:46.332] [DEBUG] cheese - login => username:测试使用,password:123123
[2020-04-22T15:35:46.333] [DEBUG] cheese - 测试使用
[2020-04-22T15:35:46.335] [DEBUG] cheese - null
[2020-04-22T15:35:46.335] [DEBUG] cheese - null
[2020-04-22T15:36:02.496] [DEBUG] cheese - login => username:admin,password:123456
[2020-04-22T15:36:02.496] [DEBUG] cheese - admin
[2020-04-22T15:36:02.499] [DEBUG] cheese - null
[2020-04-22T15:36:02.499] [DEBUG] cheese - null
[2020-04-22T15:36:18.480] [DEBUG] cheese - login => username:测试用户,password:123123
[2020-04-22T15:36:18.480] [DEBUG] cheese - 测试用户
[2020-04-22T15:36:18.482] [DEBUG] cheese - null
[2020-04-22T15:36:18.483] [DEBUG] cheese - null
[2020-04-22T15:36:25.949] [DEBUG] cheese - login => username:测试使用,password:123123
[2020-04-22T15:36:25.949] [DEBUG] cheese - 测试使用
[2020-04-22T15:36:25.952] [DEBUG] cheese - null
[2020-04-22T15:36:25.952] [DEBUG] cheese - null
[2020-04-22T15:36:31.626] [DEBUG] cheese - login => username:admin,password:123456
[2020-04-22T15:36:31.626] [DEBUG] cheese - admin
[2020-04-22T15:36:31.629] [DEBUG] cheese - null
[2020-04-22T15:36:31.629] [DEBUG] cheese - null
